<?xml version="1.0" encoding="UTF-8"?>
<!-- Generated by org.testng.reporters.JUnitXMLReporter -->
<testsuite ignored="0" hostname="LAPTOP-M27A6EU2" failures="0" tests="3" name="Surefire test" time="6.883" errors="0" timestamp="2025-01-09T10:36:10 IST">
  <testcase classname="com.qa.Test.GoogleTest" name="test1" time="6.832"/>
  <testcase classname="com.qa.Test.GoogleTest" name="test2" time="0.0"/>
  <testcase classname="com.qa.Test.GoogleTest" name="test3" time="0.0"/>
</testsuite> <!-- Surefire test -->
