<?xml version="1.0" encoding="UTF-8"?>
<!-- Generated by org.testng.reporters.JUnitXMLReporter -->
<testsuite ignored="0" hostname="LAPTOP-M27A6EU2" failures="0" tests="4" name="Testclassexecution" time="5.929" errors="0" timestamp="2025-01-09T18:49:01 IST">
  <testcase classname="com.qa.Test.GoogleTest" name="test2" time="0.009"/>
  <testcase classname="com.qa.Test.GoogleTest" name="test3" time="0.009"/>
  <testcase classname="com.qa.Test.GoogleTest" name="test1" time="2.936"/>
  <testcase classname="com.qa.Test.actionsclassdemo" name="tooltipsdemo" time="5.901"/>
</testsuite> <!-- Testclassexecution -->
