<?xml version="1.0" encoding="UTF-8"?>
<testng-results ignored="0" total="4" passed="4" failed="0" skipped="0">
  <reporter-output>
  </reporter-output>
  <suite started-at="2025-01-09T18:48:55 IST" name="Suite" finished-at="2025-01-09T18:49:01 IST" duration-ms="5929">
    <groups>
    </groups>
    <test started-at="2025-01-09T18:48:55 IST" name="Testclassexecution" finished-at="2025-01-09T18:49:01 IST" duration-ms="5929">
      <class name="com.qa.Test.actionsclassdemo">
        <test-method signature="tooltipsdemo()[pri:0, instance:com.qa.Test.actionsclassdemo@192d43ce]" started-at="2025-01-09T18:48:55 IST" name="tooltipsdemo" finished-at="2025-01-09T18:49:01 IST" duration-ms="5901" status="PASS">
          <reporter-output>
          </reporter-output>
        </test-method> <!-- tooltipsdemo -->
      </class> <!-- com.qa.Test.actionsclassdemo -->
      <class name="com.qa.Test.GoogleTest">
        <test-method signature="test2()[pri:0, instance:com.qa.Test.GoogleTest@1dde4cb2]" started-at="2025-01-09T18:48:55 IST" name="test2" finished-at="2025-01-09T18:48:55 IST" duration-ms="9" status="PASS">
          <reporter-output>
          </reporter-output>
        </test-method> <!-- test2 -->
        <test-method signature="test3()[pri:0, instance:com.qa.Test.GoogleTest@1dde4cb2]" started-at="2025-01-09T18:48:55 IST" name="test3" finished-at="2025-01-09T18:48:55 IST" duration-ms="9" status="PASS">
          <reporter-output>
          </reporter-output>
        </test-method> <!-- test3 -->
        <test-method signature="test1()[pri:0, instance:com.qa.Test.GoogleTest@1dde4cb2]" started-at="2025-01-09T18:48:55 IST" name="test1" finished-at="2025-01-09T18:48:58 IST" duration-ms="2936" status="PASS">
          <reporter-output>
          </reporter-output>
        </test-method> <!-- test1 -->
      </class> <!-- com.qa.Test.GoogleTest -->
    </test> <!-- Testclassexecution -->
  </suite> <!-- Suite -->
</testng-results>
