<?xml version="1.0" encoding="UTF-8"?>
<testng-results ignored="0" total="1" passed="1" failed="0" skipped="0">
  <reporter-output>
  </reporter-output>
  <suite started-at="2025-01-06T00:12:16 IST" name="Surefire suite" finished-at="2025-01-06T00:12:23 IST" duration-ms="6583">
    <groups>
    </groups>
    <test started-at="2025-01-06T00:12:16 IST" name="Surefire test" finished-at="2025-01-06T00:12:23 IST" duration-ms="6583">
      <class name="com.qa.Test.GoogleTest">
        <test-method signature="test1()[pri:0, instance:com.qa.Test.GoogleTest@1f0f1111]" started-at="2025-01-06T00:12:17 IST" name="test1" finished-at="2025-01-06T00:12:23 IST" duration-ms="6526" status="PASS">
          <reporter-output>
          </reporter-output>
        </test-method> <!-- test1 -->
      </class> <!-- com.qa.Test.GoogleTest -->
    </test> <!-- Surefire test -->
  </suite> <!-- Surefire suite -->
</testng-results>
