<?xml version="1.0" encoding="UTF-8"?>
<testsuite xmlns:xsi="http://www.w3.org/2001/XMLSchema-instance" xsi:noNamespaceSchemaLocation="https://maven.apache.org/surefire/maven-surefire-plugin/xsd/surefire-test-report-3.0.xsd" version="3.0" name="TestSuite" time="6.256" tests="4" errors="0" skipped="0" failures="0">
  <properties>
[...]
</properties>
  <testcase name="test2" classname="com.qa.Test.GoogleTest" time="0.009">
    <system-out><![CDATA[test 2
test 3
]]></system-out>
    <system-err><![CDATA[SLF4J: Failed to load class "org.slf4j.impl.StaticLoggerBinder".
SLF4J: Defaulting to no-operation (NOP) logger implementation
SLF4J: See http://www.slf4j.org/codes.html#StaticLoggerBinder for further details.
]]></system-err>
  </testcase>
  <testcase name="test3" classname="com.qa.Test.GoogleTest" time="0.009"/>
  <testcase name="test1" classname="com.qa.Test.GoogleTest" time="2.925">
    <system-out><![CDATA[title of google isGoogle
]]></system-out>
  </testcase>
  <testcase name="tooltipsdemo" classname="com.qa.Test.actionsclassdemo" time="5.889">
    <system-out><![CDATA[Selenium
]]></system-out>
  </testcase>
</testsuite>