<?xml version="1.0" encoding="UTF-8"?>
<testng-results ignored="0" total="1" passed="1" failed="0" skipped="0">
  <reporter-output>
  </reporter-output>
  <suite started-at="2025-01-08T18:27:25 IST" name="Default suite" finished-at="2025-01-08T18:27:37 IST" duration-ms="11492">
    <groups>
    </groups>
    <test started-at="2025-01-08T18:27:25 IST" name="Default test" finished-at="2025-01-08T18:27:37 IST" duration-ms="11492">
      <class name="com.qa.Test.HiddenFieldvalue">
        <test-method signature="hiddenfieldvalue()[pri:0, instance:com.qa.Test.HiddenFieldvalue@6a78afa0]" started-at="2025-01-08T18:27:25 IST" name="hiddenfieldvalue" finished-at="2025-01-08T18:27:37 IST" duration-ms="11415" status="PASS">
          <reporter-output>
          </reporter-output>
        </test-method> <!-- hiddenfieldvalue -->
      </class> <!-- com.qa.Test.HiddenFieldvalue -->
    </test> <!-- Default test -->
  </suite> <!-- Default suite -->
</testng-results>
